<?xml version="1.0" encoding="UTF-8"?>
<testsuite xmlns:xsi="http://www.w3.org/2001/XMLSchema-instance" xsi:noNamespaceSchemaLocation="https://maven.apache.org/surefire/maven-surefire-plugin/xsd/surefire-test-report.xsd" name="com.fifi.java.practise.clearview_interview.ClockeTest" time="0.049" tests="6" errors="0" skipped="0" failures="0">
  <properties>
[...]
</properties>
  <testcase name="testGetMinuteHandAngleCases" classname="com.fifi.java.practise.clearview_interview.ClockeTest" time="0"/>
  <testcase name="testGetHourHandAngleSimpleCases" classname="com.fifi.java.practise.clearview_interview.ClockeTest" time="0"/>
  <testcase name="testGetHourHandAngleComplexCases" classname="com.fifi.java.practise.clearview_interview.ClockeTest" time="0"/>
  <testcase name="testIntegrationResult" classname="com.fifi.java.practise.clearview_interview.ClockeTest" time="0"/>
  <testcase name="testFormattingResult" classname="com.fifi.java.practise.clearview_interview.ClockeTest" time="0"/>
  <testcase name="testCalcHourHandToMinHand" classname="com.fifi.java.practise.clearview_interview.ClockeTest" time="0"/>
</testsuite>